<?xml version="1.0" encoding="UTF-8"?>
<testng-results skipped="0" failed="0" ignored="0" total="1" passed="1">
  <reporter-output>
  </reporter-output>
  <suite name="Default suite" duration-ms="390" started-at="2019-05-19T12:58:11Z" finished-at="2019-05-19T12:58:11Z">
    <groups>
    </groups>
    <test name="Default test" duration-ms="390" started-at="2019-05-19T12:58:11Z" finished-at="2019-05-19T12:58:11Z">
      <class name="convertion.ConvertTest">
        <test-method status="PASS" signature="Convert()[pri:0, instance:convertion.ConvertTest@17e2f02]" name="Convert" duration-ms="359" started-at="2019-05-19T12:58:11Z" finished-at="2019-05-19T12:58:11Z">
          <reporter-output>
          </reporter-output>
        </test-method> <!-- Convert -->
      </class> <!-- convertion.ConvertTest -->
    </test> <!-- Default test -->
  </suite> <!-- Default suite -->
</testng-results>
